Connecting to database specified by database.yml
Connecting to database specified by database.yml


Started GET "/assets/rails.png" for 10.0.2.2 at 2013-04-09 12:30:45 +0100
Connecting to database specified by database.yml
Served asset /rails.png - 200 OK (81ms)


Started GET "/home" for 10.0.2.2 at 2013-04-09 12:30:50 +0100

ActionController::RoutingError (No route matches [GET] "/home"):
  actionpack (3.2.12) lib/action_dispatch/middleware/debug_exceptions.rb:21:in `call'
  actionpack (3.2.12) lib/action_dispatch/middleware/show_exceptions.rb:56:in `call'
  railties (3.2.12) lib/rails/rack/logger.rb:32:in `call_app'
  railties (3.2.12) lib/rails/rack/logger.rb:16:in `block in call'
  activesupport (3.2.12) lib/active_support/tagged_logging.rb:22:in `tagged'
  railties (3.2.12) lib/rails/rack/logger.rb:16:in `call'
  actionpack (3.2.12) lib/action_dispatch/middleware/request_id.rb:22:in `call'
  rack (1.4.5) lib/rack/methodoverride.rb:21:in `call'
  rack (1.4.5) lib/rack/runtime.rb:17:in `call'
  activesupport (3.2.12) lib/active_support/cache/strategy/local_cache.rb:72:in `call'
  rack (1.4.5) lib/rack/lock.rb:15:in `call'
  actionpack (3.2.12) lib/action_dispatch/middleware/static.rb:62:in `call'
  railties (3.2.12) lib/rails/engine.rb:479:in `call'
  railties (3.2.12) lib/rails/application.rb:223:in `call'
  rack (1.4.5) lib/rack/content_length.rb:14:in `call'
  railties (3.2.12) lib/rails/rack/log_tailer.rb:17:in `call'
  rack (1.4.5) lib/rack/handler/webrick.rb:59:in `service'
  /home/jose/.rvm/rubies/ruby-1.9.3-p385/lib/ruby/1.9.1/webrick/httpserver.rb:138:in `service'
  /home/jose/.rvm/rubies/ruby-1.9.3-p385/lib/ruby/1.9.1/webrick/httpserver.rb:94:in `run'
  /home/jose/.rvm/rubies/ruby-1.9.3-p385/lib/ruby/1.9.1/webrick/server.rb:191:in `block in start_thread'


  Rendered /home/jose/.rvm/gems/ruby-1.9.3-p385/gems/actionpack-3.2.12/lib/action_dispatch/middleware/templates/rescues/routing_error.erb within rescues/layout (8.1ms)


Started GET "/static_pages/home" for 10.0.2.2 at 2013-04-09 12:31:09 +0100
Processing by StaticPagesController#home as HTML
  Rendered static_pages/home.html.erb within layouts/application (0.9ms)
Compiled static_pages.css  (54ms)  (pid 1441)
Compiled application.css  (136ms)  (pid 1441)
Compiled jquery.js  (31ms)  (pid 1441)
Compiled jquery_ujs.js  (0ms)  (pid 1441)
Compiled static_pages.js  (475ms)  (pid 1441)
Compiled application.js  (872ms)  (pid 1441)
Completed 200 OK in 1717ms (Views: 1716.6ms | ActiveRecord: 0.0ms)


Started GET "/assets/application.css?body=1" for 10.0.2.2 at 2013-04-09 12:31:11 +0100
Served asset /application.css - 200 OK (24ms)


Started GET "/assets/jquery_ujs.js?body=1" for 10.0.2.2 at 2013-04-09 12:31:11 +0100
Served asset /jquery_ujs.js - 200 OK (29ms)


Started GET "/assets/static_pages.css?body=1" for 10.0.2.2 at 2013-04-09 12:31:11 +0100
Served asset /static_pages.css - 200 OK (19ms)


Started GET "/assets/jquery.js?body=1" for 10.0.2.2 at 2013-04-09 12:31:11 +0100
Served asset /jquery.js - 200 OK (32ms)


Started GET "/assets/static_pages.js?body=1" for 10.0.2.2 at 2013-04-09 12:31:11 +0100
Served asset /static_pages.js - 200 OK (34ms)


Started GET "/assets/application.js?body=1" for 10.0.2.2 at 2013-04-09 12:31:12 +0100
Served asset /application.js - 200 OK (33ms)


Started GET "/static_pages/home" for 10.0.2.2 at 2013-04-09 12:47:29 +0100
Connecting to database specified by database.yml
Processing by StaticPagesController#home as HTML
  Rendered static_pages/home.html.erb within layouts/application (7.3ms)
Compiled custom.css  (2575ms)  (pid 1568)
Compiled application.css  (2715ms)  (pid 1568)
Completed 200 OK in 3244ms (Views: 3243.7ms | ActiveRecord: 0.0ms)


Started GET "/assets/application.css?body=1" for 10.0.2.2 at 2013-04-09 12:47:33 +0100
Served asset /application.css - 304 Not Modified (82ms)


Started GET "/assets/static_pages.js?body=1" for 10.0.2.2 at 2013-04-09 12:47:33 +0100
Served asset /static_pages.js - 304 Not Modified (15ms)


Started GET "/assets/jquery.js?body=1" for 10.0.2.2 at 2013-04-09 12:47:33 +0100
Served asset /jquery.js - 304 Not Modified (38ms)


Started GET "/assets/static_pages.css?body=1" for 10.0.2.2 at 2013-04-09 12:47:33 +0100
Served asset /static_pages.css - 304 Not Modified (20ms)


Started GET "/assets/custom.css?body=1" for 10.0.2.2 at 2013-04-09 12:47:34 +0100
Served asset /custom.css - 200 OK (30ms)


Started GET "/assets/jquery_ujs.js?body=1" for 10.0.2.2 at 2013-04-09 12:47:34 +0100
Served asset /jquery_ujs.js - 304 Not Modified (35ms)


Started GET "/assets/application.js?body=1" for 10.0.2.2 at 2013-04-09 12:47:34 +0100
Served asset /application.js - 304 Not Modified (34ms)


Started GET "/static_pages/home" for 10.0.2.2 at 2013-04-09 12:49:34 +0100
Connecting to database specified by database.yml
Processing by StaticPagesController#home as HTML
  Rendered static_pages/home.html.erb within layouts/application (7.1ms)
Compiled custom.css  (1251ms)  (pid 1580)
Compiled application.css  (3ms)  (pid 1580)
Completed 200 OK in 1932ms (Views: 1931.5ms | ActiveRecord: 0.0ms)


Started GET "/assets/jquery_ujs.js?body=1" for 10.0.2.2 at 2013-04-09 12:49:37 +0100
Served asset /jquery_ujs.js - 304 Not Modified (26ms)


Started GET "/assets/jquery.js?body=1" for 10.0.2.2 at 2013-04-09 12:49:37 +0100
Served asset /jquery.js - 304 Not Modified (31ms)


Started GET "/assets/static_pages.js?body=1" for 10.0.2.2 at 2013-04-09 12:49:37 +0100
Served asset /static_pages.js - 304 Not Modified (16ms)


Started GET "/assets/static_pages.css?body=1" for 10.0.2.2 at 2013-04-09 12:49:37 +0100
Served asset /static_pages.css - 304 Not Modified (18ms)


Started GET "/assets/custom.css?body=1" for 10.0.2.2 at 2013-04-09 12:49:37 +0100
Served asset /custom.css - 200 OK (26ms)


Started GET "/assets/application.css?body=1" for 10.0.2.2 at 2013-04-09 12:49:37 +0100
Served asset /application.css - 304 Not Modified (67ms)


Started GET "/assets/application.js?body=1" for 10.0.2.2 at 2013-04-09 12:49:37 +0100
Served asset /application.js - 304 Not Modified (35ms)


Started GET "/static_pages/home" for 10.0.2.2 at 2013-04-09 12:52:38 +0100
Connecting to database specified by database.yml
Processing by StaticPagesController#home as HTML
  Rendered static_pages/home.html.erb within layouts/application (7.4ms)
Compiled custom.css  (1242ms)  (pid 1594)
Compiled application.css  (3ms)  (pid 1594)
Completed 200 OK in 1918ms (Views: 1917.3ms | ActiveRecord: 0.0ms)


Started GET "/assets/jquery_ujs.js?body=1" for 10.0.2.2 at 2013-04-09 12:52:41 +0100
Served asset /jquery_ujs.js - 304 Not Modified (26ms)


Started GET "/assets/static_pages.js?body=1" for 10.0.2.2 at 2013-04-09 12:52:41 +0100
Served asset /static_pages.js - 304 Not Modified (13ms)


Started GET "/assets/jquery.js?body=1" for 10.0.2.2 at 2013-04-09 12:52:41 +0100
Served asset /jquery.js - 304 Not Modified (36ms)


Started GET "/assets/static_pages.css?body=1" for 10.0.2.2 at 2013-04-09 12:52:41 +0100
Served asset /static_pages.css - 304 Not Modified (19ms)


Started GET "/assets/application.css?body=1" for 10.0.2.2 at 2013-04-09 12:52:41 +0100
Served asset /application.css - 304 Not Modified (41ms)


Started GET "/assets/custom.css?body=1" for 10.0.2.2 at 2013-04-09 12:52:41 +0100
Served asset /custom.css - 200 OK (50ms)


Started GET "/assets/application.js?body=1" for 10.0.2.2 at 2013-04-09 12:52:41 +0100
Served asset /application.js - 304 Not Modified (32ms)


Started GET "/static_pages/home" for 10.0.2.2 at 2013-04-09 13:05:41 +0100
Connecting to database specified by database.yml
Processing by StaticPagesController#home as HTML
  Rendered static_pages/home.html.erb within layouts/application (7.3ms)
Compiled custom.css  (1276ms)  (pid 1761)
Compiled application.css  (4ms)  (pid 1761)
  Rendered layouts/_shim.html.erb (0.5ms)
  Rendered layouts/_header.html.erb (0.8ms)
  Rendered layouts/_footer.html.erb (0.7ms)
Completed 200 OK in 1984ms (Views: 1983.6ms | ActiveRecord: 0.0ms)


Started GET "/assets/application.css?body=1" for 10.0.2.2 at 2013-04-09 13:05:45 +0100
Served asset /application.css - 304 Not Modified (47ms)


Started GET "/assets/custom.css?body=1" for 10.0.2.2 at 2013-04-09 13:05:45 +0100
Served asset /custom.css - 200 OK (26ms)


Started GET "/assets/static_pages.css?body=1" for 10.0.2.2 at 2013-04-09 13:05:45 +0100
Served asset /static_pages.css - 304 Not Modified (20ms)


Started GET "/assets/jquery.js?body=1" for 10.0.2.2 at 2013-04-09 13:05:45 +0100
Served asset /jquery.js - 304 Not Modified (30ms)


Started GET "/assets/jquery_ujs.js?body=1" for 10.0.2.2 at 2013-04-09 13:05:45 +0100
Served asset /jquery_ujs.js - 304 Not Modified (26ms)


Started GET "/assets/static_pages.js?body=1" for 10.0.2.2 at 2013-04-09 13:05:45 +0100
Served asset /static_pages.js - 304 Not Modified (13ms)


Started GET "/assets/application.js?body=1" for 10.0.2.2 at 2013-04-09 13:05:45 +0100
Served asset /application.js - 304 Not Modified (31ms)


Started GET "/" for 10.0.2.2 at 2013-04-09 13:41:46 +0100
Connecting to database specified by database.yml
Processing by StaticPagesController#home as HTML
  Rendered static_pages/home.html.erb within layouts/application (7.4ms)
Compiled custom.css  (1356ms)  (pid 2258)
Compiled application.css  (3ms)  (pid 2258)
  Rendered layouts/_shim.html.erb (0.4ms)
  Rendered layouts/_header.html.erb (1.7ms)
  Rendered layouts/_footer.html.erb (1.2ms)
Completed 200 OK in 2100ms (Views: 2099.9ms | ActiveRecord: 0.0ms)


Started GET "/home" for 10.0.2.2 at 2013-04-09 13:41:49 +0100

ActionController::RoutingError (No route matches [GET] "/home"):
  actionpack (3.2.12) lib/action_dispatch/middleware/debug_exceptions.rb:21:in `call'
  actionpack (3.2.12) lib/action_dispatch/middleware/show_exceptions.rb:56:in `call'
  railties (3.2.12) lib/rails/rack/logger.rb:32:in `call_app'
  railties (3.2.12) lib/rails/rack/logger.rb:16:in `block in call'
  activesupport (3.2.12) lib/active_support/tagged_logging.rb:22:in `tagged'
  railties (3.2.12) lib/rails/rack/logger.rb:16:in `call'
  actionpack (3.2.12) lib/action_dispatch/middleware/request_id.rb:22:in `call'
  rack (1.4.5) lib/rack/methodoverride.rb:21:in `call'
  rack (1.4.5) lib/rack/runtime.rb:17:in `call'
  activesupport (3.2.12) lib/active_support/cache/strategy/local_cache.rb:72:in `call'
  rack (1.4.5) lib/rack/lock.rb:15:in `call'
  actionpack (3.2.12) lib/action_dispatch/middleware/static.rb:62:in `call'
  railties (3.2.12) lib/rails/engine.rb:479:in `call'
  railties (3.2.12) lib/rails/application.rb:223:in `call'
  rack (1.4.5) lib/rack/content_length.rb:14:in `call'
  railties (3.2.12) lib/rails/rack/log_tailer.rb:17:in `call'
  rack (1.4.5) lib/rack/handler/webrick.rb:59:in `service'
  /home/jose/.rvm/rubies/ruby-1.9.3-p385/lib/ruby/1.9.1/webrick/httpserver.rb:138:in `service'
  /home/jose/.rvm/rubies/ruby-1.9.3-p385/lib/ruby/1.9.1/webrick/httpserver.rb:94:in `run'
  /home/jose/.rvm/rubies/ruby-1.9.3-p385/lib/ruby/1.9.1/webrick/server.rb:191:in `block in start_thread'


  Rendered /home/jose/.rvm/gems/ruby-1.9.3-p385/gems/actionpack-3.2.12/lib/action_dispatch/middleware/templates/rescues/routing_error.erb within rescues/layout (0.8ms)


Started GET "/about" for 10.0.2.2 at 2013-04-09 13:41:56 +0100
Processing by StaticPagesController#about as HTML
  Rendered static_pages/about.html.erb within layouts/application (0.5ms)
  Rendered layouts/_shim.html.erb (0.1ms)
  Rendered layouts/_header.html.erb (0.9ms)
  Rendered layouts/_footer.html.erb (0.5ms)
Completed 200 OK in 141ms (Views: 140.1ms | ActiveRecord: 0.0ms)


Started GET "/assets/application.css?body=1" for 10.0.2.2 at 2013-04-09 13:41:56 +0100
Served asset /application.css - 304 Not Modified (84ms)


Started GET "/assets/static_pages.css?body=1" for 10.0.2.2 at 2013-04-09 13:41:57 +0100
Served asset /static_pages.css - 304 Not Modified (19ms)


Started GET "/assets/custom.css?body=1" for 10.0.2.2 at 2013-04-09 13:41:57 +0100
Served asset /custom.css - 200 OK (32ms)


Started GET "/assets/static_pages.js?body=1" for 10.0.2.2 at 2013-04-09 13:41:57 +0100
Served asset /static_pages.js - 304 Not Modified (17ms)


Started GET "/assets/jquery.js?body=1" for 10.0.2.2 at 2013-04-09 13:41:57 +0100
Served asset /jquery.js - 304 Not Modified (33ms)


Started GET "/assets/jquery_ujs.js?body=1" for 10.0.2.2 at 2013-04-09 13:41:57 +0100
Served asset /jquery_ujs.js - 304 Not Modified (25ms)


Started GET "/assets/application.js?body=1" for 10.0.2.2 at 2013-04-09 13:41:57 +0100
Served asset /application.js - 304 Not Modified (33ms)


Started GET "/home" for 10.0.2.2 at 2013-04-09 13:43:39 +0100
Connecting to database specified by database.yml

ActionController::RoutingError (No route matches [GET] "/home"):
  actionpack (3.2.12) lib/action_dispatch/middleware/debug_exceptions.rb:21:in `call'
  actionpack (3.2.12) lib/action_dispatch/middleware/show_exceptions.rb:56:in `call'
  railties (3.2.12) lib/rails/rack/logger.rb:32:in `call_app'
  railties (3.2.12) lib/rails/rack/logger.rb:16:in `block in call'
  activesupport (3.2.12) lib/active_support/tagged_logging.rb:22:in `tagged'
  railties (3.2.12) lib/rails/rack/logger.rb:16:in `call'
  actionpack (3.2.12) lib/action_dispatch/middleware/request_id.rb:22:in `call'
  rack (1.4.5) lib/rack/methodoverride.rb:21:in `call'
  rack (1.4.5) lib/rack/runtime.rb:17:in `call'
  activesupport (3.2.12) lib/active_support/cache/strategy/local_cache.rb:72:in `call'
  rack (1.4.5) lib/rack/lock.rb:15:in `call'
  actionpack (3.2.12) lib/action_dispatch/middleware/static.rb:62:in `call'
  railties (3.2.12) lib/rails/engine.rb:479:in `call'
  railties (3.2.12) lib/rails/application.rb:223:in `call'
  rack (1.4.5) lib/rack/content_length.rb:14:in `call'
  railties (3.2.12) lib/rails/rack/log_tailer.rb:17:in `call'
  rack (1.4.5) lib/rack/handler/webrick.rb:59:in `service'
  /home/jose/.rvm/rubies/ruby-1.9.3-p385/lib/ruby/1.9.1/webrick/httpserver.rb:138:in `service'
  /home/jose/.rvm/rubies/ruby-1.9.3-p385/lib/ruby/1.9.1/webrick/httpserver.rb:94:in `run'
  /home/jose/.rvm/rubies/ruby-1.9.3-p385/lib/ruby/1.9.1/webrick/server.rb:191:in `block in start_thread'


  Rendered /home/jose/.rvm/gems/ruby-1.9.3-p385/gems/actionpack-3.2.12/lib/action_dispatch/middleware/templates/rescues/routing_error.erb within rescues/layout (6.8ms)


Started GET "/about" for 10.0.2.2 at 2013-04-09 13:43:44 +0100
Processing by StaticPagesController#about as HTML
  Rendered static_pages/about.html.erb within layouts/application (0.7ms)
  Rendered layouts/_shim.html.erb (0.6ms)
  Rendered layouts/_header.html.erb (1.5ms)
  Rendered layouts/_footer.html.erb (1.2ms)
Completed 200 OK in 300ms (Views: 299.2ms | ActiveRecord: 0.0ms)


Started GET "/assets/custom.css?body=1" for 10.0.2.2 at 2013-04-09 13:43:44 +0100
Served asset /custom.css - 304 Not Modified (39ms)


Started GET "/assets/application.css?body=1" for 10.0.2.2 at 2013-04-09 13:43:44 +0100
Served asset /application.css - 304 Not Modified (51ms)


Started GET "/assets/static_pages.js?body=1" for 10.0.2.2 at 2013-04-09 13:43:44 +0100
Served asset /static_pages.js - 304 Not Modified (13ms)


Started GET "/assets/jquery_ujs.js?body=1" for 10.0.2.2 at 2013-04-09 13:43:44 +0100
Served asset /jquery_ujs.js - 304 Not Modified (24ms)


Started GET "/assets/static_pages.css?body=1" for 10.0.2.2 at 2013-04-09 13:43:44 +0100
Served asset /static_pages.css - 304 Not Modified (17ms)


Started GET "/assets/jquery.js?body=1" for 10.0.2.2 at 2013-04-09 13:43:45 +0100
Served asset /jquery.js - 304 Not Modified (29ms)


Started GET "/assets/application.js?body=1" for 10.0.2.2 at 2013-04-09 13:43:45 +0100
Served asset /application.js - 304 Not Modified (32ms)


Started GET "/contact" for 10.0.2.2 at 2013-04-09 13:43:54 +0100
Processing by StaticPagesController#contact as HTML
  Rendered static_pages/contact.html.erb within layouts/application (0.5ms)
  Rendered layouts/_shim.html.erb (0.1ms)
  Rendered layouts/_header.html.erb (1.0ms)
  Rendered layouts/_footer.html.erb (0.5ms)
Completed 200 OK in 168ms (Views: 167.7ms | ActiveRecord: 0.0ms)


Started GET "/assets/application.css?body=1" for 10.0.2.2 at 2013-04-09 13:43:54 +0100
Served asset /application.css - 304 Not Modified (7ms)


Started GET "/assets/jquery_ujs.js?body=1" for 10.0.2.2 at 2013-04-09 13:43:54 +0100
Served asset /jquery_ujs.js - 304 Not Modified (0ms)


Started GET "/assets/jquery.js?body=1" for 10.0.2.2 at 2013-04-09 13:43:54 +0100
Served asset /jquery.js - 304 Not Modified (5ms)


Started GET "/assets/static_pages.css?body=1" for 10.0.2.2 at 2013-04-09 13:43:54 +0100
Served asset /static_pages.css - 304 Not Modified (0ms)


Started GET "/assets/custom.css?body=1" for 10.0.2.2 at 2013-04-09 13:43:54 +0100
Served asset /custom.css - 304 Not Modified (5ms)


Started GET "/assets/static_pages.js?body=1" for 10.0.2.2 at 2013-04-09 13:43:54 +0100
Served asset /static_pages.js - 304 Not Modified (0ms)


Started GET "/assets/application.js?body=1" for 10.0.2.2 at 2013-04-09 13:43:55 +0100
Served asset /application.js - 304 Not Modified (5ms)


Started GET "/about" for 10.0.2.2 at 2013-04-09 13:46:22 +0100
Connecting to database specified by database.yml
Processing by StaticPagesController#about as HTML
  Rendered static_pages/about.html.erb within layouts/application (6.9ms)
  Rendered layouts/_shim.html.erb (0.4ms)
  Rendered layouts/_header.html.erb (1.6ms)
  Rendered layouts/_footer.html.erb (1.2ms)
Completed 200 OK in 349ms (Views: 348.9ms | ActiveRecord: 0.0ms)


Started GET "/assets/application.css?body=1" for 10.0.2.2 at 2013-04-09 13:46:23 +0100
Served asset /application.css - 304 Not Modified (54ms)


Started GET "/assets/custom.css?body=1" for 10.0.2.2 at 2013-04-09 13:46:23 +0100
Served asset /custom.css - 304 Not Modified (31ms)


Started GET "/assets/static_pages.css?body=1" for 10.0.2.2 at 2013-04-09 13:46:23 +0100
Served asset /static_pages.css - 304 Not Modified (16ms)


Started GET "/assets/jquery.js?body=1" for 10.0.2.2 at 2013-04-09 13:46:23 +0100
Served asset /jquery.js - 304 Not Modified (31ms)


Started GET "/assets/static_pages.js?body=1" for 10.0.2.2 at 2013-04-09 13:46:23 +0100
Served asset /static_pages.js - 304 Not Modified (13ms)


Started GET "/assets/jquery_ujs.js?body=1" for 10.0.2.2 at 2013-04-09 13:46:23 +0100
Served asset /jquery_ujs.js - 304 Not Modified (25ms)


Started GET "/assets/application.js?body=1" for 10.0.2.2 at 2013-04-09 13:46:24 +0100
Served asset /application.js - 304 Not Modified (40ms)
